<?xml version="1.0" encoding="UTF-8" ?>
<testsuite tests="2" failures="1" name="com.myapp.eip.CamelContextXmlTest" time="17.568" errors="1" skipped="0">
  <properties>
[...]
</properties>
  <testcase classname="com.myapp.eip.CamelContextXmlTest" name="testGetOrderBasedOnTheId" time="7.507">
    <error message="Failed to resolve endpoint: restlet://http://localhost:8080/orders/1?restletMethod=GET due to: No component found with scheme: restlet" type="org.apache.camel.ResolveEndpointFailedException">org.apache.camel.ResolveEndpointFailedException: Failed to resolve endpoint: restlet://http://localhost:8080/orders/1?restletMethod=GET due to: No component found with scheme: restlet
	at org.apache.camel.impl.DefaultCamelContext.getEndpoint(DefaultCamelContext.java:764)
	at org.apache.camel.impl.DefaultProducerTemplate.resolveMandatoryEndpoint(DefaultProducerTemplate.java:497)
	at org.apache.camel.impl.DefaultProducerTemplate.requestBodyAndHeader(DefaultProducerTemplate.java:349)
	at com.myapp.eip.CamelContextXmlTest.testGetOrderBasedOnTheId(CamelContextXmlTest.java:45)
	at sun.reflect.NativeMethodAccessorImpl.invoke0(Native Method)
	at sun.reflect.NativeMethodAccessorImpl.invoke(NativeMethodAccessorImpl.java:62)
	at sun.reflect.DelegatingMethodAccessorImpl.invoke(DelegatingMethodAccessorImpl.java:43)
	at java.lang.reflect.Method.invoke(Method.java:498)
	at org.junit.runners.model.FrameworkMethod$1.runReflectiveCall(FrameworkMethod.java:50)
	at org.junit.internal.runners.model.ReflectiveCallable.run(ReflectiveCallable.java:12)
	at org.junit.runners.model.FrameworkMethod.invokeExplosively(FrameworkMethod.java:52)
	at org.junit.internal.runners.statements.InvokeMethod.evaluate(InvokeMethod.java:17)
	at org.springframework.test.context.junit4.statements.RunBeforeTestMethodCallbacks.evaluate(RunBeforeTestMethodCallbacks.java:75)
	at org.springframework.test.context.junit4.statements.RunAfterTestMethodCallbacks.evaluate(RunAfterTestMethodCallbacks.java:86)
	at org.springframework.test.context.junit4.statements.SpringRepeat.evaluate(SpringRepeat.java:84)
	at org.junit.runners.ParentRunner.runLeaf(ParentRunner.java:325)
	at org.springframework.test.context.junit4.SpringJUnit4ClassRunner.runChild(SpringJUnit4ClassRunner.java:252)
	at org.springframework.test.context.junit4.SpringJUnit4ClassRunner.runChild(SpringJUnit4ClassRunner.java:94)
	at org.junit.runners.ParentRunner$3.run(ParentRunner.java:290)
	at org.junit.runners.ParentRunner$1.schedule(ParentRunner.java:71)
	at org.junit.runners.ParentRunner.runChildren(ParentRunner.java:288)
	at org.junit.runners.ParentRunner.access$000(ParentRunner.java:58)
	at org.junit.runners.ParentRunner$2.evaluate(ParentRunner.java:268)
	at org.springframework.test.context.junit4.statements.RunBeforeTestClassCallbacks.evaluate(RunBeforeTestClassCallbacks.java:61)
	at org.springframework.test.context.junit4.statements.RunAfterTestClassCallbacks.evaluate(RunAfterTestClassCallbacks.java:70)
	at org.junit.runners.ParentRunner.run(ParentRunner.java:363)
	at org.springframework.test.context.junit4.SpringJUnit4ClassRunner.run(SpringJUnit4ClassRunner.java:191)
	at org.apache.maven.surefire.junit4.JUnit4Provider.execute(JUnit4Provider.java:252)
	at org.apache.maven.surefire.junit4.JUnit4Provider.executeTestSet(JUnit4Provider.java:141)
	at org.apache.maven.surefire.junit4.JUnit4Provider.invoke(JUnit4Provider.java:112)
	at sun.reflect.NativeMethodAccessorImpl.invoke0(Native Method)
	at sun.reflect.NativeMethodAccessorImpl.invoke(NativeMethodAccessorImpl.java:62)
	at sun.reflect.DelegatingMethodAccessorImpl.invoke(DelegatingMethodAccessorImpl.java:43)
	at java.lang.reflect.Method.invoke(Method.java:498)
	at org.apache.maven.surefire.util.ReflectionUtils.invokeMethodWithArray(ReflectionUtils.java:189)
	at org.apache.maven.surefire.booter.ProviderFactory$ProviderProxy.invoke(ProviderFactory.java:165)
	at org.apache.maven.surefire.booter.ProviderFactory.invokeProvider(ProviderFactory.java:85)
	at org.apache.maven.surefire.booter.ForkedBooter.runSuitesInProcess(ForkedBooter.java:115)
	at org.apache.maven.surefire.booter.ForkedBooter.main(ForkedBooter.java:75)
</error>
    <system-out>15:33:06.970 [main] INFO  o.s.b.t.c.SpringBootTestContextBootstrapper - Neither @ContextConfiguration nor @ContextHierarchy found for test class [com.myapp.eip.CamelContextXmlTest], using SpringBootContextLoader
15:33:06.983 [main] INFO  o.s.t.c.s.AbstractContextLoader - Could not detect default resource locations for test class [com.myapp.eip.CamelContextXmlTest]: no resource found for suffixes {-context.xml, Context.groovy}.
15:33:06.992 [main] INFO  o.s.t.c.s.AnnotationConfigContextLoaderUtils - Could not detect default configuration classes for test class [com.myapp.eip.CamelContextXmlTest]: CamelContextXmlTest does not declare any static, non-private, non-final, nested classes annotated with @Configuration.
15:33:07.586 [main] INFO  o.s.b.t.c.SpringBootTestContextBootstrapper - Found @SpringBootConfiguration com.myapp.Application for test class com.myapp.eip.CamelContextXmlTest
15:33:07.630 [main] INFO  o.s.b.t.c.SpringBootTestContextBootstrapper - Loaded default TestExecutionListener class names from location [META-INF/spring.factories]: [org.springframework.boot.test.mock.mockito.MockitoTestExecutionListener, org.springframework.boot.test.mock.mockito.ResetMocksTestExecutionListener, org.springframework.boot.test.autoconfigure.restdocs.RestDocsTestExecutionListener, org.springframework.boot.test.autoconfigure.web.client.MockRestServiceServerResetTestExecutionListener, org.springframework.boot.test.autoconfigure.web.servlet.MockMvcPrintOnlyOnFailureTestExecutionListener, org.springframework.boot.test.autoconfigure.web.servlet.WebDriverTestExecutionListener, org.springframework.test.context.web.ServletTestExecutionListener, org.springframework.test.context.support.DirtiesContextBeforeModesTestExecutionListener, org.springframework.test.context.support.DependencyInjectionTestExecutionListener, org.springframework.test.context.support.DirtiesContextTestExecutionListener, org.springframework.test.context.transaction.TransactionalTestExecutionListener, org.springframework.test.context.jdbc.SqlScriptsTestExecutionListener]
15:33:07.747 [main] INFO  o.s.b.t.c.SpringBootTestContextBootstrapper - Using TestExecutionListeners: [org.springframework.test.context.web.ServletTestExecutionListener@41fbdac4, org.springframework.test.context.support.DirtiesContextBeforeModesTestExecutionListener@3c407114, org.springframework.boot.test.mock.mockito.MockitoTestExecutionListener@35ef1869, org.springframework.boot.test.autoconfigure.SpringBootDependencyInjectionTestExecutionListener@c33b74f, org.springframework.test.context.support.DirtiesContextTestExecutionListener@130161f7, org.springframework.test.context.transaction.TransactionalTestExecutionListener@2c767a52, org.springframework.test.context.jdbc.SqlScriptsTestExecutionListener@619713e5, org.springframework.boot.test.mock.mockito.ResetMocksTestExecutionListener@708f5957, org.springframework.boot.test.autoconfigure.restdocs.RestDocsTestExecutionListener@68999068, org.springframework.boot.test.autoconfigure.web.client.MockRestServiceServerResetTestExecutionListener@7722c3c3, org.springframework.boot.test.autoconfigure.web.servlet.MockMvcPrintOnlyOnFailureTestExecutionListener@2ef3eef9, org.springframework.boot.test.autoconfigure.web.servlet.WebDriverTestExecutionListener@243c4f91]
15:33:07.782 [main] INFO  o.a.c.t.s.CamelSpringBootExecutionListener - @RunWith(CamelSpringBootRunner.class) preparing: class com.myapp.eip.CamelContextXmlTest

  .   ____          _            __ _ _
 /\\ / ___&apos;_ __ _ _(_)_ __  __ _ \ \ \ \
( ( )\___ | &apos;_ | &apos;_| | &apos;_ \/ _` | \ \ \ \
 \\/  ___)| |_)| | | | | || (_| |  ) ) ) )
  &apos;  |____| .__|_| |_|_| |_\__, | / / / /
 =========|_|==============|___/=/_/_/_/
 :: Spring Boot ::       (v1.5.17.RELEASE)

15:33:09.520 [main] WARN  o.s.b.t.j.DuplicateJsonObjectContextCustomizerFactory$DuplicateJsonObjectContextCustomizer - 

Found multiple occurrences of org.json.JSONObject on the class path:

	jar:file:/Users/pradeep/.m2/repository/com/vaadin/external/google/android-json/0.0.20131108.vaadin1/android-json-0.0.20131108.vaadin1.jar!/org/json/JSONObject.class
	jar:file:/Users/pradeep/.m2/repository/org/json/json/20171018/json-20171018.jar!/org/json/JSONObject.class

You may wish to exclude one of them to ensure predictable runtime behavior

15:33:09.799 [main] INFO  com.myapp.eip.CamelContextXmlTest - Starting CamelContextXmlTest on MacBook-Pro.Dlink with PID 34577 (started by pradeep in /Users/pradeep/Documents/workspace/2019/may/fusecamelclassroom/fuse-eip-springboot)
15:33:09.800 [main] INFO  com.myapp.eip.CamelContextXmlTest - No active profile set, falling back to default profiles: default
15:33:10.057 [main] INFO  o.s.w.c.s.GenericWebApplicationContext - Refreshing org.springframework.web.context.support.GenericWebApplicationContext@1750fbeb: startup date [Fri May 31 15:33:10 IST 2019]; root of context hierarchy
15:33:11.777 [background-preinit] INFO  o.h.validator.internal.util.Version - HV000001: Hibernate Validator 5.3.5.Final-redhat-2
15:33:14.003 [main] INFO  o.s.b.f.xml.XmlBeanDefinitionReader - Loading XML bean definitions from class path resource [spring/camel-context.xml]
15:33:25.142 [main] INFO  o.s.c.s.PostProcessorRegistrationDelegate$BeanPostProcessorChecker - Bean &apos;org.apache.camel.spring.boot.CamelAutoConfiguration&apos; of type [org.apache.camel.spring.boot.CamelAutoConfiguration$$EnhancerBySpringCGLIB$$81a7d641] is not eligible for getting processed by all BeanPostProcessors (for example: not eligible for auto-proxying)
15:33:31.367 [main] INFO  io.hawt.system.RBACMBeanInvoker - Didn&apos;t discover any JMXSecurity MBeans, role based access control is disabled
15:33:31.670 [main] INFO  o.s.b.t.m.w.SpringBootMockServletContext - jolokia: Using restrictor io.hawt.system.RBACRestrictor
15:33:31.921 [main] INFO  org.eclipse.jetty.util.log - Logging initialized @27747ms to org.eclipse.jetty.util.log.Slf4jLog
15:33:32.875 [main] INFO  o.s.w.s.m.m.a.RequestMappingHandlerAdapter - Looking for @ControllerAdvice: org.springframework.web.context.support.GenericWebApplicationContext@1750fbeb: startup date [Fri May 31 15:33:10 IST 2019]; root of context hierarchy
15:33:33.149 [main] INFO  o.s.w.s.m.m.a.RequestMappingHandlerMapping - Mapped &quot;{[/error]}&quot; onto public org.springframework.http.ResponseEntity&lt;java.util.Map&lt;java.lang.String, java.lang.Object&gt;&gt; org.springframework.boot.autoconfigure.web.BasicErrorController.error(javax.servlet.http.HttpServletRequest)
15:33:33.151 [main] INFO  o.s.w.s.m.m.a.RequestMappingHandlerMapping - Mapped &quot;{[/error],produces=[text/html]}&quot; onto public org.springframework.web.servlet.ModelAndView org.springframework.boot.autoconfigure.web.BasicErrorController.errorHtml(javax.servlet.http.HttpServletRequest,javax.servlet.http.HttpServletResponse)
15:33:33.369 [main] INFO  o.s.w.s.h.SimpleUrlHandlerMapping - Mapped URL path [/webjars/**] onto handler of type [class org.springframework.web.servlet.resource.ResourceHttpRequestHandler]
15:33:33.369 [main] INFO  o.s.w.s.h.SimpleUrlHandlerMapping - Mapped URL path [/**] onto handler of type [class org.springframework.web.servlet.resource.ResourceHttpRequestHandler]
15:33:33.369 [main] INFO  o.s.w.s.h.SimpleUrlHandlerMapping - Mapped URL path [/hawtio/plugins/**] onto handler of type [class org.springframework.web.servlet.resource.ResourceHttpRequestHandler]
15:33:33.369 [main] INFO  o.s.w.s.h.SimpleUrlHandlerMapping - Mapped URL path [/hawtio/**] onto handler of type [class org.springframework.web.servlet.resource.ResourceHttpRequestHandler]
15:33:33.369 [main] INFO  o.s.w.s.h.SimpleUrlHandlerMapping - Mapped URL path [/img/**] onto handler of type [class org.springframework.web.servlet.resource.ResourceHttpRequestHandler]
15:33:33.731 [main] INFO  o.s.w.s.h.SimpleUrlHandlerMapping - Mapped URL path [/**/favicon.ico] onto handler of type [class org.springframework.web.servlet.resource.ResourceHttpRequestHandler]
15:33:34.557 [main] INFO  o.a.c.i.c.DefaultTypeConverter - Type converters loaded (core: 194, classpath: 25)
15:33:38.757 [main] WARN  o.s.b.a.a.EndpointWebMvcAutoConfiguration - Could not start embedded management container on different port (management endpoints are still available through JMX)
15:33:38.765 [main] INFO  o.s.c.s.DefaultLifecycleProcessor - Starting beans in phase 2147483647
15:33:38.946 [main] INFO  o.a.c.spring.boot.RoutesCollector - Loading additional Camel XML routes from: classpath:camel/*.xml
15:33:38.950 [main] INFO  o.a.c.spring.boot.RoutesCollector - Loading additional Camel XML rests from: classpath:camel-rest/*.xml
15:33:39.087 [main] INFO  com.myapp.eip.CamelContextXmlTest - Started CamelContextXmlTest in 30.684 seconds (JVM running for 34.913)
15:33:39.099 [main] INFO  o.a.c.t.s.CamelAnnotationsHandler - Setting shutdown timeout to [10 SECONDS] on CamelContext with name [camel].
15:33:39.705 [main] INFO  o.a.c.t.s.CamelSpringBootExecutionListener - @RunWith(CamelSpringBootRunner.class) before: class com.myapp.eip.CamelContextXmlTest.testGetOrderBasedOnTheId
15:33:39.708 [main] INFO  o.a.c.t.s.CamelSpringBootExecutionListener - Initialized CamelSpringBootRunner now ready to start CamelContext
15:33:39.710 [main] INFO  o.a.c.t.s.CamelAnnotationsHandler - Starting CamelContext with name [camel].
15:33:39.712 [main] INFO  o.a.camel.spring.SpringCamelContext - Apache Camel 2.21.0.fuse-730078-redhat-00001 (CamelContext: MyCamel) is starting
15:33:39.714 [main] INFO  o.a.c.m.ManagedManagementStrategy - JMX is enabled
15:33:42.269 [main] INFO  o.a.camel.spring.SpringCamelContext - StreamCaching is not in use. If using streams then its recommended to enable stream caching. See more details at http://camel.apache.org/stream-caching.html
15:33:42.358 [main] INFO  o.a.c.c.jackson.JacksonDataFormat - Found single ObjectMapper in Registry to use: com.fasterxml.jackson.databind.ObjectMapper@b6bccb4
15:33:43.924 [main] INFO  org.apache.cxf.endpoint.ServerImpl - Setting the server&apos;s publish address to be http://localhost:8080
15:33:44.689 [main] INFO  o.a.c.component.file.FileEndpoint - Endpoint is configured with noop=true so forcing endpoint to be idempotent as well
15:33:44.690 [main] INFO  o.a.c.component.file.FileEndpoint - Using default memory based idempotent repository with cache max size: 1000
15:33:44.859 [main] INFO  o.a.c.component.seda.SedaEndpoint - Endpoint seda://accounting is using shared queue: seda://accounting with size: 2147483647
15:33:44.979 [main] INFO  o.a.camel.spring.SpringCamelContext - Route: route1 started and consuming from: file://ordersdata
15:33:45.167 [main] INFO  org.eclipse.jetty.server.Server - jetty-9.4.12.v20180830; built: 2018-08-30T13:59:14.071Z; git: 27208684755d94a92186989f695db2d7b21ebc51; jvm 1.8.0_151-b12
15:33:45.355 [main] INFO  o.e.jetty.server.AbstractConnector - Started ServerConnector@3f2cf9fe{HTTP/1.1,[http/1.1]}{localhost:8080}
15:33:45.358 [main] INFO  org.eclipse.jetty.server.Server - Started @41184ms
15:33:45.375 [main] WARN  o.e.j.server.handler.ContextHandler - Empty contextPath
15:33:45.409 [main] INFO  o.e.j.server.handler.ContextHandler - Started o.e.j.s.h.ContextHandler@549404e7{/,null,AVAILABLE}
15:33:45.417 [main] INFO  o.a.camel.spring.SpringCamelContext - Route: route2 started and consuming from: cxfrs://http://localhost:8080?bindingStyle=SimpleConsumer&amp;providers=%23jsonProvider&amp;resourceClasses=com.myapp.eip.OrdersService
15:33:45.431 [main] INFO  o.a.camel.spring.SpringCamelContext - Route: route3 started and consuming from: direct://createOrder
15:33:45.444 [main] INFO  o.a.camel.spring.SpringCamelContext - Route: route4 started and consuming from: direct://getOrder
15:33:45.447 [main] INFO  o.a.camel.spring.SpringCamelContext - Route: route5 started and consuming from: direct://deleteOrder
15:33:45.450 [main] INFO  o.a.camel.spring.SpringCamelContext - Route: route6 started and consuming from: direct://in1
15:33:45.455 [main] INFO  o.a.camel.spring.SpringCamelContext - Route: route7 started and consuming from: direct://dynamic
15:33:45.461 [main] INFO  o.a.camel.spring.SpringCamelContext - Route: route8 started and consuming from: direct://route1
15:33:45.467 [main] INFO  o.a.camel.spring.SpringCamelContext - Route: route9 started and consuming from: direct://route2
15:33:45.507 [main] INFO  o.a.camel.spring.SpringCamelContext - Route: route10 started and consuming from: direct://route3
15:33:45.529 [main] INFO  o.a.camel.spring.SpringCamelContext - Route: splitter-aggregate started and consuming from: direct://in2
15:33:45.540 [main] INFO  o.a.camel.spring.SpringCamelContext - Route: filetojms started and consuming from: file://orders?noop=true
15:33:45.921 [main] INFO  o.a.activemq.broker.BrokerService - Using Persistence Adapter: MemoryPersistenceAdapter
15:33:46.097 [JMX connector] INFO  o.a.a.broker.jmx.ManagementContext - JMX consoles can connect to service:jmx:rmi:///jndi/rmi://localhost:1099/jmxrmi
15:33:46.332 [main] INFO  o.a.activemq.broker.BrokerService - Apache ActiveMQ 5.15.0 (localhost, ID:MacBook-Pro.Dlink-49767-1559297026126-0:1) is starting
15:33:46.355 [main] INFO  o.a.activemq.broker.BrokerService - Apache ActiveMQ 5.15.0 (localhost, ID:MacBook-Pro.Dlink-49767-1559297026126-0:1) started
15:33:46.355 [main] INFO  o.a.activemq.broker.BrokerService - For help or more information please see: http://activemq.apache.org
15:33:46.360 [main] WARN  o.a.activemq.broker.BrokerService - Temporary Store limit is 51200 mb (current store usage is 0 mb). The data directory: /Users/pradeep/Documents/workspace/2019/may/fusecamelclassroom/fuse-eip-springboot only has 38816 mb of usable space. - resetting to maximum available disk space: 38816 mb
15:33:46.479 [main] INFO  o.a.a.broker.TransportConnector - Connector vm://localhost started
15:33:46.622 [main] INFO  o.a.camel.spring.SpringCamelContext - Route: wiretap started and consuming from: jms://queue:acceptedOrders
15:33:46.709 [main] INFO  o.a.camel.spring.SpringCamelContext - Route: xmldata started and consuming from: jms://queue:xmlData
15:33:46.803 [main] INFO  o.a.camel.spring.SpringCamelContext - Route: xmldataconsume started and consuming from: jms://queue:accounting
15:33:46.813 [main] INFO  o.a.camel.spring.SpringCamelContext - Route: trycatchfinally started and consuming from: direct://new
15:33:46.813 [main] INFO  o.a.camel.spring.SpringCamelContext - Total 16 routes, of which 16 are started
15:33:46.818 [main] INFO  o.a.camel.spring.SpringCamelContext - Apache Camel 2.21.0.fuse-730078-redhat-00001 (CamelContext: MyCamel) started in 7.104 seconds
15:33:46.979 [Camel (MyCamel) thread #4 - JmsConsumer[xmlData]] INFO  o.a.camel.builder.xml.XPathBuilder - Created default XPathFactory com.sun.org.apache.xpath.internal.jaxp.XPathFactoryImpl@5283372e
15:33:47.156 [Camel (MyCamel) thread #5 - JmsConsumer[accounting]] INFO  xmldataconsume - Accounting Order Recieved: order.xml
15:33:47.181 [main] INFO  com.myapp.eip.CamelContextXmlTest - ********************************************************************************
15:33:47.181 [main] INFO  com.myapp.eip.CamelContextXmlTest - Testing done: testGetOrderBasedOnTheId(com.myapp.eip.CamelContextXmlTest)
15:33:47.182 [main] INFO  com.myapp.eip.CamelContextXmlTest - Took: 0.359 seconds (359 millis)
15:33:47.182 [main] INFO  com.myapp.eip.CamelContextXmlTest - ********************************************************************************
</system-out>
    <system-err>SLF4J: Class path contains multiple SLF4J bindings.
SLF4J: Found binding in [jar:file:/Users/pradeep/.m2/repository/ch/qos/logback/logback-classic/1.1.11/logback-classic-1.1.11.jar!/org/slf4j/impl/StaticLoggerBinder.class]
SLF4J: Found binding in [jar:file:/Users/pradeep/.m2/repository/org/apache/activemq/activemq-all/5.15.0/activemq-all-5.15.0.jar!/org/slf4j/impl/StaticLoggerBinder.class]
SLF4J: See http://www.slf4j.org/codes.html#multiple_bindings for an explanation.
SLF4J: Actual binding is of type [ch.qos.logback.classic.util.ContextSelectorStaticBinder]
</system-err>
  </testcase>
  <testcase classname="com.myapp.eip.CamelContextXmlTest" name="testCamelRoute" time="10.061">
    <failure message="mock://accounting Received message count. Expected: &lt;1&gt; but was: &lt;0&gt;" type="java.lang.AssertionError">java.lang.AssertionError: mock://accounting Received message count. Expected: &lt;1&gt; but was: &lt;0&gt;
	at org.apache.camel.component.mock.MockEndpoint.fail(MockEndpoint.java:1494)
	at org.apache.camel.component.mock.MockEndpoint.assertEquals(MockEndpoint.java:1476)
	at org.apache.camel.component.mock.MockEndpoint.doAssertIsSatisfied(MockEndpoint.java:405)
	at org.apache.camel.component.mock.MockEndpoint.assertIsSatisfied(MockEndpoint.java:384)
	at org.apache.camel.component.mock.MockEndpoint.assertIsSatisfied(MockEndpoint.java:372)
	at com.myapp.eip.CamelContextXmlTest.testCamelRoute(CamelContextXmlTest.java:35)
	at sun.reflect.NativeMethodAccessorImpl.invoke0(Native Method)
	at sun.reflect.NativeMethodAccessorImpl.invoke(NativeMethodAccessorImpl.java:62)
	at sun.reflect.DelegatingMethodAccessorImpl.invoke(DelegatingMethodAccessorImpl.java:43)
	at java.lang.reflect.Method.invoke(Method.java:498)
	at org.junit.runners.model.FrameworkMethod$1.runReflectiveCall(FrameworkMethod.java:50)
	at org.junit.internal.runners.model.ReflectiveCallable.run(ReflectiveCallable.java:12)
	at org.junit.runners.model.FrameworkMethod.invokeExplosively(FrameworkMethod.java:52)
	at org.junit.internal.runners.statements.InvokeMethod.evaluate(InvokeMethod.java:17)
	at org.springframework.test.context.junit4.statements.RunBeforeTestMethodCallbacks.evaluate(RunBeforeTestMethodCallbacks.java:75)
	at org.springframework.test.context.junit4.statements.RunAfterTestMethodCallbacks.evaluate(RunAfterTestMethodCallbacks.java:86)
	at org.springframework.test.context.junit4.statements.SpringRepeat.evaluate(SpringRepeat.java:84)
	at org.junit.runners.ParentRunner.runLeaf(ParentRunner.java:325)
	at org.springframework.test.context.junit4.SpringJUnit4ClassRunner.runChild(SpringJUnit4ClassRunner.java:252)
	at org.springframework.test.context.junit4.SpringJUnit4ClassRunner.runChild(SpringJUnit4ClassRunner.java:94)
	at org.junit.runners.ParentRunner$3.run(ParentRunner.java:290)
	at org.junit.runners.ParentRunner$1.schedule(ParentRunner.java:71)
	at org.junit.runners.ParentRunner.runChildren(ParentRunner.java:288)
	at org.junit.runners.ParentRunner.access$000(ParentRunner.java:58)
	at org.junit.runners.ParentRunner$2.evaluate(ParentRunner.java:268)
	at org.springframework.test.context.junit4.statements.RunBeforeTestClassCallbacks.evaluate(RunBeforeTestClassCallbacks.java:61)
	at org.springframework.test.context.junit4.statements.RunAfterTestClassCallbacks.evaluate(RunAfterTestClassCallbacks.java:70)
	at org.junit.runners.ParentRunner.run(ParentRunner.java:363)
	at org.springframework.test.context.junit4.SpringJUnit4ClassRunner.run(SpringJUnit4ClassRunner.java:191)
	at org.apache.maven.surefire.junit4.JUnit4Provider.execute(JUnit4Provider.java:252)
	at org.apache.maven.surefire.junit4.JUnit4Provider.executeTestSet(JUnit4Provider.java:141)
	at org.apache.maven.surefire.junit4.JUnit4Provider.invoke(JUnit4Provider.java:112)
	at sun.reflect.NativeMethodAccessorImpl.invoke0(Native Method)
	at sun.reflect.NativeMethodAccessorImpl.invoke(NativeMethodAccessorImpl.java:62)
	at sun.reflect.DelegatingMethodAccessorImpl.invoke(DelegatingMethodAccessorImpl.java:43)
	at java.lang.reflect.Method.invoke(Method.java:498)
	at org.apache.maven.surefire.util.ReflectionUtils.invokeMethodWithArray(ReflectionUtils.java:189)
	at org.apache.maven.surefire.booter.ProviderFactory$ProviderProxy.invoke(ProviderFactory.java:165)
	at org.apache.maven.surefire.booter.ProviderFactory.invokeProvider(ProviderFactory.java:85)
	at org.apache.maven.surefire.booter.ForkedBooter.runSuitesInProcess(ForkedBooter.java:115)
	at org.apache.maven.surefire.booter.ForkedBooter.main(ForkedBooter.java:75)
</failure>
    <system-out>15:33:47.196 [main] INFO  o.a.c.t.s.CamelSpringBootExecutionListener - @RunWith(CamelSpringBootRunner.class) preparing: class com.myapp.eip.CamelContextXmlTest
15:33:47.197 [main] INFO  o.a.c.t.s.CamelAnnotationsHandler - Setting shutdown timeout to [10 SECONDS] on CamelContext with name [camel].
15:33:47.202 [main] INFO  o.a.c.t.s.CamelSpringBootExecutionListener - @RunWith(CamelSpringBootRunner.class) before: class com.myapp.eip.CamelContextXmlTest.testCamelRoute
15:33:47.232 [main] INFO  o.a.c.t.s.CamelSpringBootExecutionListener - Initialized CamelSpringBootRunner now ready to start CamelContext
15:33:47.253 [main] INFO  o.a.c.component.mock.MockEndpoint - Asserting: mock://accounting is satisfied
15:33:57.278 [main] INFO  com.myapp.eip.CamelContextXmlTest - ********************************************************************************
15:33:57.280 [main] INFO  com.myapp.eip.CamelContextXmlTest - Testing done: testCamelRoute(com.myapp.eip.CamelContextXmlTest)
15:33:57.281 [main] INFO  com.myapp.eip.CamelContextXmlTest - Took: 10.032 seconds (10032 millis)
15:33:57.281 [main] INFO  com.myapp.eip.CamelContextXmlTest - ********************************************************************************
</system-out>
  </testcase>
</testsuite>